<?xml version="1.0" encoding="UTF-8"?>
<!-- Generated by org.testng.reporters.JUnitXMLReporter -->
<testsuite ignored="0" hostname="Nafisa-AcerS3" failures="0" tests="2" name="Test" time="9.615" errors="0" timestamp="2023-10-27T11:29:04 EDT">
  <testcase classname="com.learnautomation.pages.BaseClass" name="@AfterMethod tearDownMethod" time="0.303">
    <failure type="java.lang.NullPointerException">
      <![CDATA[java.lang.NullPointerException
at java.base/java.io.File.<init>(File.java:278)
at com.learnautomation.utility.Helper.captureSceenshot(Helper.java:27)
at com.learnautomation.pages.BaseClass.tearDownMethod(BaseClass.java:62)
at java.base/java.util.ArrayList.forEach(ArrayList.java:1511)
... Removed 32 stack frames]]>
    </failure>
  </testcase> <!-- @AfterMethod tearDownMethod -->
  <testcase classname="com.learnautomation.pages.BaseClass" name="@AfterMethod tearDownMethod" time="0.0">
    <skipped/>
  </testcase> <!-- @AfterMethod tearDownMethod -->
  <testcase classname="com.learnautomation.pages.BaseClass" name="@AfterClass teardown" time="0.0">
    <skipped/>
  </testcase> <!-- @AfterClass teardown -->
  <testcase classname="com.learnautomation.testcases.LoginTestCRM" name="loginAPP" time="2.713"/>
  <testcase classname="com.learnautomation.testcases.LoginTestCRM" name="loginAPP1" time="0.0">
    <skipped/>
  </testcase> <!-- loginAPP1 -->
</testsuite> <!-- Test -->
